[debug] [2024-01-20T12:10:06.243Z] ----------------------------------------------------------------------
[debug] [2024-01-20T12:10:06.245Z] Command:       C:\Program Files\nodejs\node.exe C:\Users\RAJ\AppData\Roaming\npm\node_modules\firebase-tools\lib\bin\firebase.js init
[debug] [2024-01-20T12:10:06.245Z] CLI Version:   9.21.0
[debug] [2024-01-20T12:10:06.245Z] Platform:      win32
[debug] [2024-01-20T12:10:06.245Z] Node Version:  v14.17.0
[debug] [2024-01-20T12:10:06.246Z] Time:          Sat Jan 20 2024 17:40:06 GMT+0530 (India Standard Time)
[debug] [2024-01-20T12:10:06.246Z] ----------------------------------------------------------------------
[debug] 
[debug] [2024-01-20T12:10:06.295Z] > command requires scopes: ["email","openid","https://www.googleapis.com/auth/cloudplatformprojects.readonly","https://www.googleapis.com/auth/firebase","https://www.googleapis.com/auth/cloud-platform"]
[debug] [2024-01-20T12:10:06.295Z] > authorizing via signed-in user (rajpatani31@gmail.com)
[info] 
     ######## #### ########  ######## ########     ###     ######  ########
     ##        ##  ##     ## ##       ##     ##  ##   ##  ##       ##
     ######    ##  ########  ######   ########  #########  ######  ######
     ##        ##  ##    ##  ##       ##     ## ##     ##       ## ##
     ##       #### ##     ## ######## ########  ##     ##  ######  ########

You're about to initialize a Firebase project in this directory:

  C:\Users\RAJ\Desktop\Disney-Hotstar\disney-clone

Before we get started, keep in mind:

  * You are initializing within an existing Firebase project directory

